0 info it worked if it ends with ok
1 verbose cli [ 'C:\\Program Files\\nodejs\\node.exe',
1 verbose cli   'C:\\Program Files\\nodejs\\node_modules\\npm\\bin\\npm-cli.js',
1 verbose cli   'install',
1 verbose cli   'angular-ui-select@0.18.1' ]
2 info using npm@3.10.10
3 info using node@v6.11.2
4 silly loadCurrentTree Starting
5 silly install loadCurrentTree
6 silly install readLocalPackageData
7 silly fetchPackageMetaData angular-ui-select@0.18.1
8 silly fetchNamedPackageData angular-ui-select
9 silly mapToRegistry name angular-ui-select
10 silly mapToRegistry using default registry
11 silly mapToRegistry registry https://registry.npmjs.org/
12 silly mapToRegistry data Result {
12 silly mapToRegistry   raw: 'angular-ui-select',
12 silly mapToRegistry   scope: null,
12 silly mapToRegistry   escapedName: 'angular-ui-select',
12 silly mapToRegistry   name: 'angular-ui-select',
12 silly mapToRegistry   rawSpec: '',
12 silly mapToRegistry   spec: 'latest',
12 silly mapToRegistry   type: 'tag' }
13 silly mapToRegistry uri https://registry.npmjs.org/angular-ui-select
14 verbose request uri https://registry.npmjs.org/angular-ui-select
15 verbose request no auth needed
16 info attempt registry request try #1 at 19:22:37
17 verbose request id 53abcae8adfebdaf
18 verbose etag "591b8998-1855"
19 verbose lastModified Tue, 16 May 2017 23:22:00 GMT
20 http request GET https://registry.npmjs.org/angular-ui-select
21 http 304 https://registry.npmjs.org/angular-ui-select
22 verbose headers { date: 'Wed, 17 Jan 2018 00:22:38 GMT',
22 verbose headers   via: '1.1 varnish',
22 verbose headers   'cache-control': 'max-age=300',
22 verbose headers   etag: '"591b8998-1855"',
22 verbose headers   age: '14351',
22 verbose headers   connection: 'keep-alive',
22 verbose headers   'x-served-by': 'cache-mia17621-MIA',
22 verbose headers   'x-cache': 'HIT',
22 verbose headers   'x-cache-hits': '1',
22 verbose headers   'x-timer': 'S1516148558.067938,VS0,VE1',
22 verbose headers   vary: 'Accept-Encoding, Accept' }
23 silly get cb [ 304,
23 silly get   { date: 'Wed, 17 Jan 2018 00:22:38 GMT',
23 silly get     via: '1.1 varnish',
23 silly get     'cache-control': 'max-age=300',
23 silly get     etag: '"591b8998-1855"',
23 silly get     age: '14351',
23 silly get     connection: 'keep-alive',
23 silly get     'x-served-by': 'cache-mia17621-MIA',
23 silly get     'x-cache': 'HIT',
23 silly get     'x-cache-hits': '1',
23 silly get     'x-timer': 'S1516148558.067938,VS0,VE1',
23 silly get     vary: 'Accept-Encoding, Accept' } ]
24 verbose etag https://registry.npmjs.org/angular-ui-select from cache
25 verbose get saving angular-ui-select to C:\Users\white\AppData\Roaming\npm-cache\registry.npmjs.org\angular-ui-select\.cache.json
26 verbose correctMkdir C:\Users\white\AppData\Roaming\npm-cache correctMkdir not in flight; initializing
27 silly fetchNamedPackageData No valid target from cache, forcing network
28 verbose request uri https://registry.npmjs.org/angular-ui-select
29 verbose request no auth needed
30 info attempt registry request try #1 at 19:22:38
31 http request GET https://registry.npmjs.org/angular-ui-select
32 http 200 https://registry.npmjs.org/angular-ui-select
33 verbose headers { 'content-type': 'application/json; charset=UTF-8',
33 verbose headers   server: 'UploadServer',
33 verbose headers   'cache-control': 'max-age=300',
33 verbose headers   'last-modified': 'Tue, 16 May 2017 23:22:00 GMT',
33 verbose headers   etag: '"591b8998-1855"',
33 verbose headers   'content-encoding': 'gzip',
33 verbose headers   'content-length': '1870',
33 verbose headers   'accept-ranges': 'bytes',
33 verbose headers   date: 'Wed, 17 Jan 2018 00:22:38 GMT',
33 verbose headers   via: '1.1 varnish',
33 verbose headers   age: '14351',
33 verbose headers   connection: 'keep-alive',
33 verbose headers   'x-served-by': 'cache-mia17621-MIA',
33 verbose headers   'x-cache': 'HIT',
33 verbose headers   'x-cache-hits': '2',
33 verbose headers   'x-timer': 'S1516148558.207978,VS0,VE0',
33 verbose headers   vary: 'Accept-Encoding, Accept' }
34 silly get cb [ 200,
34 silly get   { 'content-type': 'application/json; charset=UTF-8',
34 silly get     server: 'UploadServer',
34 silly get     'cache-control': 'max-age=300',
34 silly get     'last-modified': 'Tue, 16 May 2017 23:22:00 GMT',
34 silly get     etag: '"591b8998-1855"',
34 silly get     'content-encoding': 'gzip',
34 silly get     'content-length': '1870',
34 silly get     'accept-ranges': 'bytes',
34 silly get     date: 'Wed, 17 Jan 2018 00:22:38 GMT',
34 silly get     via: '1.1 varnish',
34 silly get     age: '14351',
34 silly get     connection: 'keep-alive',
34 silly get     'x-served-by': 'cache-mia17621-MIA',
34 silly get     'x-cache': 'HIT',
34 silly get     'x-cache-hits': '2',
34 silly get     'x-timer': 'S1516148558.207978,VS0,VE0',
34 silly get     vary: 'Accept-Encoding, Accept' } ]
35 verbose get saving angular-ui-select to C:\Users\white\AppData\Roaming\npm-cache\registry.npmjs.org\angular-ui-select\.cache.json
36 verbose correctMkdir C:\Users\white\AppData\Roaming\npm-cache correctMkdir not in flight; initializing
37 silly fetchPackageMetaData Error: No compatible version found: angular-ui-select@0.18.1
37 silly fetchPackageMetaData Valid install targets:
37 silly fetchPackageMetaData 0.12.100, 0.12.10
37 silly fetchPackageMetaData
37 silly fetchPackageMetaData     at pickVersionFromRegistryDocument (C:\Program Files\nodejs\node_modules\npm\lib\fetch-package-metadata.js:178:16)
37 silly fetchPackageMetaData     at C:\Program Files\nodejs\node_modules\npm\node_modules\iferr\index.js:13:50
37 silly fetchPackageMetaData     at C:\Program Files\nodejs\node_modules\npm\lib\utils\pulse-till-done.js:20:8
37 silly fetchPackageMetaData     at saved (C:\Program Files\nodejs\node_modules\npm\lib\cache\caching-client.js:174:7)
37 silly fetchPackageMetaData     at C:\Program Files\nodejs\node_modules\npm\node_modules\graceful-fs\polyfills.js:241:18
37 silly fetchPackageMetaData     at FSReqWrap.oncomplete (fs.js:123:15)
37 silly fetchPackageMetaData  error for angular-ui-select@0.18.1 { Error: No compatible version found: angular-ui-select@0.18.1
37 silly fetchPackageMetaData Valid install targets:
37 silly fetchPackageMetaData 0.12.100, 0.12.10
37 silly fetchPackageMetaData
37 silly fetchPackageMetaData     at pickVersionFromRegistryDocument (C:\Program Files\nodejs\node_modules\npm\lib\fetch-package-metadata.js:178:16)
37 silly fetchPackageMetaData     at C:\Program Files\nodejs\node_modules\npm\node_modules\iferr\index.js:13:50
37 silly fetchPackageMetaData     at C:\Program Files\nodejs\node_modules\npm\lib\utils\pulse-till-done.js:20:8
37 silly fetchPackageMetaData     at saved (C:\Program Files\nodejs\node_modules\npm\lib\cache\caching-client.js:174:7)
37 silly fetchPackageMetaData     at C:\Program Files\nodejs\node_modules\npm\node_modules\graceful-fs\polyfills.js:241:18
37 silly fetchPackageMetaData     at FSReqWrap.oncomplete (fs.js:123:15) code: 'ETARGET' }
38 silly rollbackFailedOptional Starting
39 silly rollbackFailedOptional Finishing
40 silly runTopLevelLifecycles Finishing
41 silly install printInstalled
42 verbose stack Error: No compatible version found: angular-ui-select@0.18.1
42 verbose stack Valid install targets:
42 verbose stack 0.12.100, 0.12.10
42 verbose stack
42 verbose stack     at pickVersionFromRegistryDocument (C:\Program Files\nodejs\node_modules\npm\lib\fetch-package-metadata.js:178:16)
42 verbose stack     at C:\Program Files\nodejs\node_modules\npm\node_modules\iferr\index.js:13:50
42 verbose stack     at C:\Program Files\nodejs\node_modules\npm\lib\utils\pulse-till-done.js:20:8
42 verbose stack     at saved (C:\Program Files\nodejs\node_modules\npm\lib\cache\caching-client.js:174:7)
42 verbose stack     at C:\Program Files\nodejs\node_modules\npm\node_modules\graceful-fs\polyfills.js:241:18
42 verbose stack     at FSReqWrap.oncomplete (fs.js:123:15)
43 verbose cwd C:\Users\white\Documents\webserver\public\Hallearn\HallFront
44 error Windows_NT 10.0.16299
45 error argv "C:\\Program Files\\nodejs\\node.exe" "C:\\Program Files\\nodejs\\node_modules\\npm\\bin\\npm-cli.js" "install" "angular-ui-select@0.18.1"
46 error node v6.11.2
47 error npm  v3.10.10
48 error code ETARGET
49 error notarget No compatible version found: angular-ui-select@0.18.1
49 error notarget Valid install targets:
49 error notarget 0.12.100, 0.12.10
50 error notarget This is most likely not a problem with npm itself.
50 error notarget In most cases you or one of your dependencies are requesting
50 error notarget a package version that doesn't exist.
51 verbose exit [ 1, true ]
